<?xml version="1.0" encoding="utf-8"?>
<?AutomationStudio Version="4.12.2.93"?>
<Objects>
  <Object
    Path="G:\AutomationProjects\BnR\Training\MachineControl\MachineControl\Logical\Package.pkg"
    LogicalPath=""
    Type="Package.ParentUnknown"
    LastWriteTime="133244174591385054" />
  <Object
    Path="G:\AutomationProjects\BnR\Training\MachineControl\MachineControl\Logical\Global.typ"
    LogicalPath="Global.typ"
    Type="File"
    LastWriteTime="133244173428619092"
    Private="false" />
  <Object
    Path="G:\AutomationProjects\BnR\Training\MachineControl\MachineControl\Logical\Global.var"
    LogicalPath="Global.var"
    Type="File"
    LastWriteTime="133244174197312608"
    Private="false" />
  <Object
    Path="G:\AutomationProjects\BnR\Training\MachineControl\MachineControl\Logical\Libraries\Package.pkg"
    LogicalPath="Libraries"
    Type="Package"
    LastWriteTime="133244168989908298" />
  <Object
    Path="G:\AutomationProjects\BnR\Training\MachineControl\MachineControl\Logical\Libraries\operator\binary.lby"
    LogicalPath="Libraries.operator"
    Type="Library"
    LastWriteTime="133244168973737082" />
  <Object
    Path="G:\AutomationProjects\BnR\Training\MachineControl\MachineControl\Logical\Libraries\operator\operator.fun"
    LogicalPath="Libraries.operator.operator.fun"
    Type="File"
    LastWriteTime="133244168973697071"
    Private="false" />
  <Object
    Path="G:\AutomationProjects\BnR\Training\MachineControl\MachineControl\Logical\Libraries\operator\operator.typ"
    LogicalPath="Libraries.operator.operator.typ"
    Type="File"
    LastWriteTime="133244168973717080"
    Private="false" />
  <Object
    Path="G:\AutomationProjects\BnR\Training\MachineControl\MachineControl\Logical\Libraries\operator\operator.var"
    LogicalPath="Libraries.operator.operator.var"
    Type="File"
    LastWriteTime="133244168973727084"
    Private="false" />
  <Object
    Path="G:\AutomationProjects\BnR\Training\MachineControl\MachineControl\Logical\Libraries\runtime\binary.lby"
    LogicalPath="Libraries.runtime"
    Type="Library"
    LastWriteTime="133244168979152673" />
  <Object
    Path="G:\AutomationProjects\BnR\Training\MachineControl\MachineControl\Logical\Libraries\runtime\runtime.fun"
    LogicalPath="Libraries.runtime.runtime.fun"
    Type="File"
    LastWriteTime="133244168979122665"
    Private="false" />
  <Object
    Path="G:\AutomationProjects\BnR\Training\MachineControl\MachineControl\Logical\Libraries\runtime\runtime.typ"
    LogicalPath="Libraries.runtime.runtime.typ"
    Type="File"
    LastWriteTime="133244168979132668"
    Private="false" />
  <Object
    Path="G:\AutomationProjects\BnR\Training\MachineControl\MachineControl\Logical\Libraries\runtime\runtime.var"
    LogicalPath="Libraries.runtime.runtime.var"
    Type="File"
    LastWriteTime="133244168979152673"
    Private="false" />
  <Object
    Path="G:\AutomationProjects\BnR\Training\MachineControl\MachineControl\Logical\Libraries\astime\binary.lby"
    LogicalPath="Libraries.astime"
    Type="Library"
    LastWriteTime="133244168984564762" />
  <Object
    Path="G:\AutomationProjects\BnR\Training\MachineControl\MachineControl\Logical\Libraries\astime\astime.fun"
    LogicalPath="Libraries.astime.astime.fun"
    Type="File"
    LastWriteTime="133244168984534753"
    Private="false" />
  <Object
    Path="G:\AutomationProjects\BnR\Training\MachineControl\MachineControl\Logical\Libraries\astime\astime.typ"
    LogicalPath="Libraries.astime.astime.typ"
    Type="File"
    LastWriteTime="133244168984544749"
    Private="false" />
  <Object
    Path="G:\AutomationProjects\BnR\Training\MachineControl\MachineControl\Logical\Libraries\astime\astime.var"
    LogicalPath="Libraries.astime.astime.var"
    Type="File"
    LastWriteTime="133244168984564762"
    Private="false" />
  <Object
    Path="G:\AutomationProjects\BnR\Training\MachineControl\MachineControl\Logical\Libraries\AsIecCon\binary.lby"
    LogicalPath="Libraries.AsIecCon"
    Type="Library"
    LastWriteTime="133244168989858283" />
  <Object
    Path="G:\AutomationProjects\BnR\Training\MachineControl\MachineControl\Logical\Libraries\AsIecCon\AsIecCon.fun"
    LogicalPath="Libraries.AsIecCon.AsIecCon.fun"
    Type="File"
    LastWriteTime="133244168989828257"
    Private="false" />
  <Object
    Path="G:\AutomationProjects\BnR\Training\MachineControl\MachineControl\Logical\Libraries\AsIecCon\AsIecCon.typ"
    LogicalPath="Libraries.AsIecCon.AsIecCon.typ"
    Type="File"
    LastWriteTime="133244168989838269"
    Private="false" />
  <Object
    Path="G:\AutomationProjects\BnR\Training\MachineControl\MachineControl\Logical\Libraries\AsIecCon\AsIecCon.var"
    LogicalPath="Libraries.AsIecCon.AsIecCon.var"
    Type="File"
    LastWriteTime="133244168989858283"
    Private="false" />
  <Object
    Path="G:\AutomationProjects\BnR\Training\MachineControl\MachineControl\Logical\Program\IEC.prg"
    LogicalPath="Program"
    Type="Program"
    LastWriteTime="133244174591385054" />
  <Object
    Path="G:\AutomationProjects\BnR\Training\MachineControl\MachineControl\Logical\Program\Cyclic.st"
    LogicalPath="Program.Cyclic.st"
    Type="File"
    LastWriteTime="133244181111036175"
    Private="false" />
  <Object
    Path="G:\AutomationProjects\BnR\Training\MachineControl\MachineControl\Logical\Program\Init.st"
    LogicalPath="Program.Init.st"
    Type="File"
    LastWriteTime="133244180897485679"
    Private="false" />
  <Object
    Path="G:\AutomationProjects\BnR\Training\MachineControl\MachineControl\Logical\Program\Exit.st"
    LogicalPath="Program.Exit.st"
    Type="File"
    LastWriteTime="133244174591345051"
    Private="false" />
  <Object
    Path="G:\AutomationProjects\BnR\Training\MachineControl\MachineControl\Logical\Program\Types.typ"
    LogicalPath="Program.Types.typ"
    Type="File"
    LastWriteTime="133244174591355047"
    Private="true" />
  <Object
    Path="G:\AutomationProjects\BnR\Training\MachineControl\MachineControl\Logical\Program\Variables.var"
    LogicalPath="Program.Variables.var"
    Type="File"
    LastWriteTime="133244174591375045"
    Private="true" />
  <Object
    Path="G:\AutomationProjects\BnR\Training\MachineControl\MachineControl\Physical\Config1\Config.pkg"
    LogicalPath="Config1"
    Type="Configuration.ParentUnknown"
    LastWriteTime="133244169027115558" />
  <Object
    Path="G:\AutomationProjects\BnR\Training\MachineControl\MachineControl\Physical\Config1\Hardware.hw"
    LogicalPath="Config1.Hardware.hw"
    Type="File"
    LastWriteTime="133244181124809756"
    Private="false" />
  <Object
    Path="G:\AutomationProjects\BnR\Training\MachineControl\MachineControl\Physical\Config1\Hardware.hwl"
    LogicalPath="Config1.Hardware.hwl"
    Type="File"
    LastWriteTime="133244173428319027"
    Private="false" />
  <Object
    Path="G:\AutomationProjects\BnR\Training\MachineControl\MachineControl\Physical\Config1\X20cCP0410\Cpu.pkg"
    LogicalPath="Config1.X20cCP0410"
    Type="Cpu"
    LastWriteTime="133244168993950750" />
  <Object
    Path="G:\AutomationProjects\BnR\Training\MachineControl\MachineControl\Physical\Config1\X20cCP0410\Cpu.sw"
    LogicalPath="Config1.X20cCP0410.Cpu.sw"
    Type="File"
    LastWriteTime="133244174591695441"
    Private="false" />
  <Object
    Path="G:\AutomationProjects\BnR\Training\MachineControl\MachineControl\Physical\Config1\X20cCP0410\Cpu.per"
    LogicalPath="Config1.X20cCP0410.Cpu.per"
    Type="File"
    LastWriteTime="133244168992269935"
    Private="false" />
  <Object
    Path="G:\AutomationProjects\BnR\Training\MachineControl\MachineControl\Physical\Config1\X20cCP0410\IoMap.iom"
    LogicalPath="Config1.X20cCP0410.IoMap.iom"
    Type="File"
    LastWriteTime="133244168992289928"
    Private="false" />
  <Object
    Path="G:\AutomationProjects\BnR\Training\MachineControl\MachineControl\Physical\Config1\X20cCP0410\PvMap.vvm"
    LogicalPath="Config1.X20cCP0410.PvMap.vvm"
    Type="File"
    LastWriteTime="133244168992369944"
    Private="false" />
  <Object
    Path="G:\AutomationProjects\BnR\Training\MachineControl\MachineControl\Physical\Config1\X20cCP0410\Connectivity\Package.pkg"
    LogicalPath="Config1.X20cCP0410.Connectivity"
    Type="Package"
    LastWriteTime="133244168992780039" />
  <Object
    Path="G:\AutomationProjects\BnR\Training\MachineControl\MachineControl\Physical\Config1\X20cCP0410\Connectivity\OpcUA\Package.pkg"
    LogicalPath="Config1.X20cCP0410.Connectivity.OpcUA"
    Type="Package"
    LastWriteTime="133244168992750036" />
  <Object
    Path="G:\AutomationProjects\BnR\Training\MachineControl\MachineControl\Physical\Config1\X20cCP0410\Connectivity\OpcUaFx\Package.pkg"
    LogicalPath="Config1.X20cCP0410.Connectivity.OpcUaFx"
    Type="Package"
    LastWriteTime="133244168992770039" />
  <Object
    Path="G:\AutomationProjects\BnR\Training\MachineControl\MachineControl\Physical\Config1\X20cCP0410\TextSystem\Package.pkg"
    LogicalPath="Config1.X20cCP0410.TextSystem"
    Type="Package"
    LastWriteTime="133244168992820057" />
  <Object
    Path="G:\AutomationProjects\BnR\Training\MachineControl\MachineControl\Physical\Config1\X20cCP0410\UnitSystem\Package.pkg"
    LogicalPath="Config1.X20cCP0410.UnitSystem"
    Type="Package"
    LastWriteTime="133244168992890102" />
  <Object
    Path="G:\AutomationProjects\BnR\Training\MachineControl\MachineControl\Physical\Config1\X20cCP0410\AccessAndSecurity\Package.pkg"
    LogicalPath="Config1.X20cCP0410.AccessAndSecurity"
    Type="Package"
    LastWriteTime="133244168993340585" />
  <Object
    Path="G:\AutomationProjects\BnR\Training\MachineControl\MachineControl\Physical\Config1\X20cCP0410\AccessAndSecurity\UserRoleSystem\Package.pkg"
    LogicalPath="Config1.X20cCP0410.AccessAndSecurity.UserRoleSystem"
    Type="Package"
    LastWriteTime="133244168993050528" />
  <Object
    Path="G:\AutomationProjects\BnR\Training\MachineControl\MachineControl\Physical\Config1\X20cCP0410\AccessAndSecurity\UserRoleSystem\Role.role"
    LogicalPath="Config1.X20cCP0410.AccessAndSecurity.UserRoleSystem.Role.role"
    Type="File"
    LastWriteTime="133244168993030517"
    Private="false" />
  <Object
    Path="G:\AutomationProjects\BnR\Training\MachineControl\MachineControl\Physical\Config1\X20cCP0410\AccessAndSecurity\UserRoleSystem\User.user"
    LogicalPath="Config1.X20cCP0410.AccessAndSecurity.UserRoleSystem.User.user"
    Type="File"
    LastWriteTime="133244168993040522"
    Private="false" />
  <Object
    Path="G:\AutomationProjects\BnR\Training\MachineControl\MachineControl\Physical\Config1\X20cCP0410\AccessAndSecurity\CertificateStore\Package.pkg"
    LogicalPath="Config1.X20cCP0410.AccessAndSecurity.CertificateStore"
    Type="Package"
    LastWriteTime="133244168993260570" />
  <Object
    Path="G:\AutomationProjects\BnR\Training\MachineControl\MachineControl\Physical\Config1\X20cCP0410\AccessAndSecurity\CertificateStore\OwnCertificates\Package.pkg"
    LogicalPath="Config1.X20cCP0410.AccessAndSecurity.CertificateStore.OwnCertificates"
    Type="Package"
    LastWriteTime="133244168993150542" />
  <Object
    Path="G:\AutomationProjects\BnR\Training\MachineControl\MachineControl\Physical\Config1\X20cCP0410\AccessAndSecurity\CertificateStore\OwnCertificates\Certificates\Package.pkg"
    LogicalPath="Config1.X20cCP0410.AccessAndSecurity.CertificateStore.OwnCertificates.Certificates"
    Type="Package"
    LastWriteTime="133244168993120552" />
  <Object
    Path="G:\AutomationProjects\BnR\Training\MachineControl\MachineControl\Physical\Config1\X20cCP0410\AccessAndSecurity\CertificateStore\OwnCertificates\PrivateKeys\Package.pkg"
    LogicalPath="Config1.X20cCP0410.AccessAndSecurity.CertificateStore.OwnCertificates.PrivateKeys"
    Type="Package"
    LastWriteTime="133244168993150542" />
  <Object
    Path="G:\AutomationProjects\BnR\Training\MachineControl\MachineControl\Physical\Config1\X20cCP0410\AccessAndSecurity\CertificateStore\ThirdPartyCertificates\Package.pkg"
    LogicalPath="Config1.X20cCP0410.AccessAndSecurity.CertificateStore.ThirdPartyCertificates"
    Type="Package"
    LastWriteTime="133244168993200556" />
  <Object
    Path="G:\AutomationProjects\BnR\Training\MachineControl\MachineControl\Physical\Config1\X20cCP0410\AccessAndSecurity\CertificateStore\ThirdPartyCertificates\SoftwareCertificates\Package.pkg"
    LogicalPath="Config1.X20cCP0410.AccessAndSecurity.CertificateStore.ThirdPartyCertificates.SoftwareCertificates"
    Type="Package"
    LastWriteTime="133244168993190552" />
  <Object
    Path="G:\AutomationProjects\BnR\Training\MachineControl\MachineControl\Physical\Config1\X20cCP0410\AccessAndSecurity\CertificateStore\CertificateRevocationLists\Package.pkg"
    LogicalPath="Config1.X20cCP0410.AccessAndSecurity.CertificateStore.CertificateRevocationLists"
    Type="Package"
    LastWriteTime="133244168993230561" />
  <Object
    Path="G:\AutomationProjects\BnR\Training\MachineControl\MachineControl\Physical\Config1\X20cCP0410\AccessAndSecurity\CertificateStore\CertificateSigningRequests\Package.pkg"
    LogicalPath="Config1.X20cCP0410.AccessAndSecurity.CertificateStore.CertificateSigningRequests"
    Type="Package"
    LastWriteTime="133244168993260570" />
  <Object
    Path="G:\AutomationProjects\BnR\Training\MachineControl\MachineControl\Physical\Config1\X20cCP0410\AccessAndSecurity\TransportLayerSecurity\Package.pkg"
    LogicalPath="Config1.X20cCP0410.AccessAndSecurity.TransportLayerSecurity"
    Type="Package"
    LastWriteTime="133244168993290580" />
  <Object
    Path="G:\AutomationProjects\BnR\Training\MachineControl\MachineControl\Physical\Config1\X20cCP0410\AccessAndSecurity\Firewall\Package.pkg"
    LogicalPath="Config1.X20cCP0410.AccessAndSecurity.Firewall"
    Type="Package"
    LastWriteTime="133244168993340585" />
  <Object
    Path="G:\AutomationProjects\BnR\Training\MachineControl\MachineControl\Physical\Config1\X20cCP0410\AccessAndSecurity\Firewall\Rules.firewallRules"
    LogicalPath="Config1.X20cCP0410.AccessAndSecurity.Firewall.Rules.firewallRules"
    Type="File"
    LastWriteTime="133244168993330584"
    Private="false" />
  <Object
    Path="G:\AutomationProjects\BnR\Training\MachineControl\MachineControl\Physical\Config1\X20cCP0410\mappControl\Package.pkg"
    LogicalPath="Config1.X20cCP0410.mappControl"
    Type="Package"
    LastWriteTime="133244168993370594" />
  <Object
    Path="G:\AutomationProjects\BnR\Training\MachineControl\MachineControl\Physical\Config1\X20cCP0410\mappMotion\Package.pkg"
    LogicalPath="Config1.X20cCP0410.mappMotion"
    Type="Package"
    LastWriteTime="133244168993450614" />
  <Object
    Path="G:\AutomationProjects\BnR\Training\MachineControl\MachineControl\Physical\Config1\X20cCP0410\mappServices\Package.pkg"
    LogicalPath="Config1.X20cCP0410.mappServices"
    Type="Package"
    LastWriteTime="133244168993520630" />
  <Object
    Path="G:\AutomationProjects\BnR\Training\MachineControl\MachineControl\Physical\Config1\X20cCP0410\mappSafety\Package.pkg"
    LogicalPath="Config1.X20cCP0410.mappSafety"
    Type="Package"
    LastWriteTime="133244168993660663" />
  <Object
    Path="G:\AutomationProjects\BnR\Training\MachineControl\MachineControl\Physical\Config1\X20cCP0410\mappSafety\SafeApplication\Package.pkg"
    LogicalPath="Config1.X20cCP0410.mappSafety.SafeApplication"
    Type="Package"
    LastWriteTime="133244168993630653" />
  <Object
    Path="G:\AutomationProjects\BnR\Training\MachineControl\MachineControl\Physical\Config1\X20cCP0410\mappSafety\SafeCommissioning\Package.pkg"
    LogicalPath="Config1.X20cCP0410.mappSafety.SafeCommissioning"
    Type="Package"
    LastWriteTime="133244168993650661" />
  <Object
    Path="G:\AutomationProjects\BnR\Training\MachineControl\MachineControl\Physical\Config1\X20cCP0410\mappView\Package.pkg"
    LogicalPath="Config1.X20cCP0410.mappView"
    Type="Package"
    LastWriteTime="133244168993710671" />
  <Object
    Path="G:\AutomationProjects\BnR\Training\MachineControl\MachineControl\Physical\Config1\X20cCP0410\mappVision\Package.pkg"
    LogicalPath="Config1.X20cCP0410.mappVision"
    Type="Package"
    LastWriteTime="133244168993780688" />
  <Object
    Path="G:\AutomationProjects\BnR\Training\MachineControl\MachineControl\Physical\Config1\X20cCP0410\mappCockpit\Package.pkg"
    LogicalPath="Config1.X20cCP0410.mappCockpit"
    Type="Package"
    LastWriteTime="133244168993870727" />
  <Object
    Path="G:\AutomationProjects\BnR\Training\MachineControl\MachineControl\Physical\Config1\Hardware.jpg"
    LogicalPath="Config1.Hardware.jpg"
    Type="File"
    LastWriteTime="133244173428569093"
    Private="false" />
</Objects>